{
  "RSpec": {
    "coverage": {
      "/home/ruby/Makers/Week_6/BnByte4/app/app.rb": [
        1,
        null,
        1,
        1,
        1,
        1,
        1,
        1,
        1,
        1,
        1,
        1
      ],
      "/home/ruby/Makers/Week_6/BnByte4/app/data_mapper_setup.rb": [
        1,
        1,
        null,
        1,
        1,
        1,
        null,
        1,
        1,
        null,
        1,
        1,
        null
      ],
      "/home/ruby/Makers/Week_6/BnByte4/app/models/space.rb": [
        1,
        1,
        null,
        1,
        null,
        1,
        null,
        1,
        1,
        null,
        1,
        1,
        1,
        1,
        1,
        1,
        1,
        null,
        null
      ],
      "/home/ruby/Makers/Week_6/BnByte4/app/models/user.rb": [
        1,
        1,
        1,
        null,
        1,
        1,
        null,
        1,
        1,
        null,
        1,
        1,
        null,
        1,
        null,
        1,
        1,
        1,
        1,
        1,
        null,
        1,
        8,
        8,
        null,
        null,
        1,
        6,
        6,
        null,
        null
      ],
      "/home/ruby/Makers/Week_6/BnByte4/app/models/request.rb": [
        1,
        1,
        null,
        1,
        1,
        null,
        1,
        1,
        1,
        1,
        1,
        null,
        1,
        1,
        null
      ],
      "/home/ruby/Makers/Week_6/BnByte4/app/server.rb": [
        null,
        null,
        1,
        null,
        1,
        null,
        1,
        1,
        null,
        1,
        1,
        null,
        1,
        1,
        null,
        1,
        1,
        122,
        null,
        null,
        null
      ],
      "/home/ruby/Makers/Week_6/BnByte4/app/controllers/spaces.rb": [
        1,
        1,
        18,
        1,
        1,
        null,
        null,
        17,
        null,
        18,
        18,
        null,
        null,
        1,
        7,
        null,
        null,
        null,
        null,
        null,
        null,
        null,
        7,
        null,
        null,
        1,
        7,
        null,
        null,
        1,
        2,
        2,
        2,
        2,
        4,
        null,
        2,
        3,
        2,
        1,
        null,
        1,
        null,
        2,
        null,
        null,
        1,
        0,
        0,
        0,
        0,
        0,
        0,
        null,
        null,
        0,
        0,
        null,
        null,
        1,
        0,
        0,
        null,
        null,
        1,
        0,
        0,
        null,
        0,
        0,
        0,
        null,
        0,
        null,
        null,
        null,
        1,
        0,
        0,
        0,
        null,
        null
      ],
      "/home/ruby/Makers/Week_6/BnByte4/app/controllers/sessions.rb": [
        1,
        1,
        6,
        6,
        6,
        6,
        null,
        0,
        0,
        null,
        null,
        null,
        1,
        6,
        null,
        null,
        1,
        0,
        0,
        0,
        null,
        null
      ],
      "/home/ruby/Makers/Week_6/BnByte4/app/controllers/users.rb": [
        1,
        1,
        3,
        null,
        3,
        2,
        2,
        null,
        1,
        1,
        null,
        null,
        null,
        1,
        3,
        3,
        null,
        null
      ],
      "/home/ruby/Makers/Week_6/BnByte4/app/controllers/requests.rb": [
        1,
        1,
        0,
        0,
        null,
        null,
        null,
        null,
        null,
        null,
        0,
        0,
        null,
        0,
        0,
        null,
        0,
        null,
        null,
        1,
        0,
        0,
        0,
        0,
        0,
        null,
        null,
        0,
        0,
        0,
        0,
        null,
        0,
        null,
        null,
        1,
        0,
        0,
        null,
        null
      ],
      "/home/ruby/Makers/Week_6/BnByte4/spec/helpers/session.rb": [
        1,
        null,
        1,
        3,
        3,
        3,
        3,
        3,
        3,
        3,
        3,
        null,
        null,
        1,
        6,
        6,
        6,
        6,
        null,
        null,
        1,
        null,
        null,
        null,
        null,
        3,
        null,
        7,
        7,
        7,
        7,
        7,
        7,
        7,
        7,
        null,
        null,
        1,
        0,
        null,
        null,
        1,
        1,
        1,
        0,
        0,
        0,
        null,
        null,
        1,
        2,
        2,
        2,
        null,
        null
      ],
      "/home/ruby/Makers/Week_6/BnByte4/spec/features/adding_spaces_spec.rb": [
        1,
        null,
        1,
        1,
        1,
        null,
        null,
        null,
        null,
        null,
        null,
        1,
        1,
        1,
        1,
        1,
        null,
        null
      ],
      "/home/ruby/Makers/Week_6/BnByte4/spec/features/create_requests_spec.rb": [
        1,
        1,
        1,
        null,
        null,
        null,
        null,
        null,
        null,
        1,
        1,
        null,
        null,
        1,
        1,
        1,
        1,
        0,
        0,
        null,
        null,
        null
      ],
      "/home/ruby/Makers/Week_6/BnByte4/spec/features/filtering_spaces_by_date_spec.rb": [
        1,
        null,
        1,
        1,
        2,
        null,
        null,
        null,
        null,
        null,
        null,
        1,
        1,
        1,
        1,
        1,
        1,
        1,
        1,
        null,
        null,
        1,
        1,
        1,
        1,
        1,
        1,
        1,
        null,
        null
      ],
      "/home/ruby/Makers/Week_6/BnByte4/spec/features/request_a_space_spec.rb": [
        1,
        1,
        1,
        null,
        null,
        null,
        1,
        1,
        1,
        2,
        1,
        0,
        null,
        null
      ],
      "/home/ruby/Makers/Week_6/BnByte4/spec/features/sign_up_spec.rb": [
        1,
        1,
        2,
        1,
        1,
        null,
        null
      ]
    },
    "timestamp": 1463746676
  }
}
