{
  "RSpec": {
    "coverage": {
      "/Users/admin/Dropbox/projects/main_course/Week_6/BnByte4/app/app.rb": [
        1,
        null,
        1,
        1,
        1,
        1,
        1,
        1,
        1,
        1,
        1,
        1
      ],
      "/Users/admin/Dropbox/projects/main_course/Week_6/BnByte4/app/data_mapper_setup.rb": [
        1,
        1,
        null,
        1,
        1,
        1,
        null,
        1,
        1,
        null,
        1,
        1,
        null
      ],
      "/Users/admin/Dropbox/projects/main_course/Week_6/BnByte4/app/models/space.rb": [
        1,
        1,
        null,
        1,
        null,
        1,
        null,
        1,
        1,
        null,
        1,
        1,
        1,
        1,
        1,
        1,
        1,
        null,
        null
      ],
      "/Users/admin/Dropbox/projects/main_course/Week_6/BnByte4/app/models/user.rb": [
        1,
        1,
        1,
        null,
        1,
        1,
        null,
        1,
        1,
        null,
        1,
        1,
        null,
        1,
        null,
        1,
        1,
        1,
        1,
        1,
        null,
        1,
        11,
        11,
        null,
        null,
        1,
        7,
        7,
        null,
        null
      ],
      "/Users/admin/Dropbox/projects/main_course/Week_6/BnByte4/app/models/request.rb": [
        1,
        1,
        null,
        1,
        1,
        null,
        1,
        1,
        1,
        1,
        1,
        null,
        1,
        1,
        null
      ],
      "/Users/admin/Dropbox/projects/main_course/Week_6/BnByte4/app/server.rb": [
        null,
        null,
        1,
        null,
        1,
        null,
        1,
        1,
        null,
        1,
        1,
        null,
        1,
        1,
        null,
        1,
        1,
        132,
        null,
        null,
        null
      ],
      "/Users/admin/Dropbox/projects/main_course/Week_6/BnByte4/app/controllers/spaces.rb": [
        1,
        1,
        20,
        1,
        1,
        null,
        null,
        19,
        null,
        20,
        20,
        null,
        null,
        1,
        7,
        null,
        null,
        null,
        null,
        null,
        null,
        null,
        7,
        null,
        null,
        1,
        7,
        null,
        null,
        1,
        2,
        2,
        2,
        2,
        4,
        null,
        2,
        3,
        2,
        1,
        null,
        1,
        null,
        2,
        null,
        null,
        1,
        2,
        2,
        2,
        null,
        null,
        1,
        0,
        0,
        null,
        null,
        1,
        0,
        0,
        null,
        0,
        0,
        0,
        null,
        0,
        null,
        null,
        null,
        1,
        0,
        0,
        0,
        null,
        null,
        1,
        0,
        0,
        null,
        null,
        1,
        0,
        0,
        null,
        0,
        0,
        0,
        null,
        0,
        null,
        null,
        null,
        1,
        0,
        0,
        0,
        null,
        null
      ],
      "/Users/admin/Dropbox/projects/main_course/Week_6/BnByte4/app/controllers/sessions.rb": [
        1,
        1,
        7,
        7,
        7,
        7,
        null,
        0,
        0,
        null,
        null,
        null,
        1,
        7,
        null,
        null,
        1,
        2,
        2,
        2,
        null,
        null
      ],
      "/Users/admin/Dropbox/projects/main_course/Week_6/BnByte4/app/controllers/users.rb": [
        1,
        1,
        4,
        null,
        4,
        2,
        2,
        null,
        2,
        2,
        null,
        null,
        null,
        1,
        4,
        4,
        null,
        null
      ],
      "/Users/admin/Dropbox/projects/main_course/Week_6/BnByte4/app/controllers/requests.rb": [
        1,
        1,
        0,
        0,
        null,
        null,
        null,
        null,
        null,
        null,
        0,
        0,
        null,
        0,
        0,
        null,
        0,
        null,
        null,
        1,
        0,
        0,
        0,
        0,
        0,
        null,
        null,
        0,
        0,
        0,
        0,
        null,
        0,
        null,
        null
      ],
      "/Users/admin/Dropbox/projects/main_course/Week_6/BnByte4/spec/helpers/session.rb": [
        1,
        null,
        1,
        3,
        3,
        3,
        3,
        3,
        3,
        3,
        3,
        null,
        null,
        1,
        1,
        1,
        1,
        1,
        1,
        1,
        1,
        1,
        null,
        null,
        1,
        7,
        7,
        7,
        7,
        null,
        null,
        1,
        null,
        null,
        null,
        null,
        null,
        null,
        7,
        7,
        7,
        7,
        7,
        7,
        7,
        7,
        null,
        null,
        1,
        2,
        null,
        null,
        1,
        1,
        0,
        0,
        0,
        null,
        null,
        1,
        2,
        2,
        2,
        null,
        null
      ],
      "/Users/admin/Dropbox/projects/main_course/Week_6/BnByte4/spec/features/account_spec.rb": [
        1,
        1,
        2,
        1,
        1,
        null,
        null,
        1,
        2,
        1,
        null,
        null,
        1,
        1,
        2,
        null,
        null,
        null,
        null,
        null,
        null,
        2,
        null,
        null,
        1,
        1,
        1,
        null,
        null,
        1,
        1,
        1,
        null,
        null,
        null
      ],
      "/Users/admin/Dropbox/projects/main_course/Week_6/BnByte4/spec/features/adding_spaces_spec.rb": [
        1,
        null,
        1,
        1,
        1,
        null,
        null,
        null,
        null,
        null,
        null,
        1,
        1,
        1,
        1,
        1,
        null,
        null
      ],
      "/Users/admin/Dropbox/projects/main_course/Week_6/BnByte4/spec/features/create_requests_spec.rb": [
        1,
        1,
        1,
        null,
        null,
        null,
        null,
        null,
        null,
        1,
        1,
        1,
        null,
        null,
        1,
        1,
        1,
        0,
        0,
        null,
        null,
        null
      ],
      "/Users/admin/Dropbox/projects/main_course/Week_6/BnByte4/spec/features/filtering_spaces_by_date_spec.rb": [
        1,
        null,
        1,
        1,
        2,
        null,
        null,
        null,
        null,
        null,
        null,
        1,
        1,
        1,
        1,
        1,
        1,
        1,
        1,
        null,
        null,
        1,
        1,
        1,
        1,
        1,
        1,
        1,
        null,
        null
      ],
      "/Users/admin/Dropbox/projects/main_course/Week_6/BnByte4/spec/features/request_a_space_spec.rb": [
        1,
        1,
        1,
        null,
        null,
        null,
        1,
        1,
        1,
        2,
        1,
        0,
        null,
        null
      ],
      "/Users/Jack_R/code/BnByte4/spec/features/sign_up_spec.rb": [
        1,
        1,
        2,
        1,
        0,
        null,
        null
      ]
    },
    "timestamp": 1463733388
    },
    "timestamp": 1463737657
  }
}
